2;124;C:\Program Files\MetaTrader 4 Demo STS New\experts\include\NRT\RTLogic.mqh;26:8;'GetTimeFrame' - function is not defined
2;124;C:\Program Files\MetaTrader 4 Demo STS New\experts\include\NRT\RTLogic.mqh;27:8;'GetTimeFrame' - function is not defined
2;124;C:\Program Files\MetaTrader 4 Demo STS New\experts\include\NRT\RTLogic.mqh;34:8;'GetTimeFrame' - function is not defined
2;124;C:\Program Files\MetaTrader 4 Demo STS New\experts\include\NRT\RTLogic.mqh;35:8;'GetTimeFrame' - function is not defined
2;124;C:\Program Files\MetaTrader 4 Demo STS New\experts\include\NRT\RTLogic.mqh;39:16;'GetBias_Level' - function is not defined
2;124;C:\Program Files\MetaTrader 4 Demo STS New\experts\include\NRT\RTLogic.mqh;40:16;'GetTime_Level' - function is not defined
2;124;C:\Program Files\MetaTrader 4 Demo STS New\experts\include\NRT\RTLogic.mqh;41:16;'GetPrice_Level' - function is not defined
2;124;C:\Program Files\MetaTrader 4 Demo STS New\experts\include\NRT\RTLogic.mqh;42:8;'GetBias_Direction' - function is not defined
2;124;C:\Program Files\MetaTrader 4 Demo STS New\experts\include\NRT\RTLogic.mqh;42:36;'GetTime_Direction' - function is not defined
2;124;C:\Program Files\MetaTrader 4 Demo STS New\experts\include\NRT\RTLogic.mqh;42:64;'GetPrice_Direction' - function is not defined
2;124;C:\Program Files\MetaTrader 4 Demo STS New\experts\include\NRT\RTLogic.mqh;49:11;'GetBias_Direction' - function is not defined
2;124;C:\Program Files\MetaTrader 4 Demo STS New\experts\include\NRT\RTLogic.mqh;49:39;'GetTime_Direction' - function is not defined
2;124;C:\Program Files\MetaTrader 4 Demo STS New\experts\include\NRT\RTLogic.mqh;49:67;'GetPrice_Direction' - function is not defined
2;124;C:\Program Files\MetaTrader 4 Demo STS New\experts\include\NRT\RTLogic.mqh;72:20;'GetTimeFrame' - function is not defined
2;124;C:\Program Files\MetaTrader 4 Demo STS New\experts\include\NRT\RTLogic.mqh;75:44;'GetTime_LevelTime' - function is not defined
2;124;C:\Program Files\MetaTrader 4 Demo STS New\experts\include\NRT\RTLogic.mqh;75:65;'GetTimeFrame' - function is not defined
2;124;C:\Program Files\MetaTrader 4 Demo STS New\experts\include\NRT\RTLogic.mqh;76:44;'GetPrice_LevelTime' - function is not defined
2;124;C:\Program Files\MetaTrader 4 Demo STS New\experts\include\NRT\RTLogic.mqh;76:66;'GetTimeFrame' - function is not defined
2;124;C:\Program Files\MetaTrader 4 Demo STS New\experts\include\NRT\RTLogic.mqh;77:44;'GetBias_LevelTime' - function is not defined
2;124;C:\Program Files\MetaTrader 4 Demo STS New\experts\include\NRT\RTLogic.mqh;77:65;'GetTimeFrame' - function is not defined
2;124;C:\Program Files\MetaTrader 4 Demo STS New\experts\include\NRT\RTLogic.mqh;78:45;'GetTime_LevelTime' - function is not defined
2;124;C:\Program Files\MetaTrader 4 Demo STS New\experts\include\NRT\RTLogic.mqh;78:66;'GetTimeFrame' - function is not defined
2;124;C:\Program Files\MetaTrader 4 Demo STS New\experts\include\NRT\RTLogic.mqh;79:45;'GetPrice_LevelTime' - function is not defined
2;124;C:\Program Files\MetaTrader 4 Demo STS New\experts\include\NRT\RTLogic.mqh;79:67;'GetTimeFrame' - function is not defined
2;124;C:\Program Files\MetaTrader 4 Demo STS New\experts\include\NRT\RTLogic.mqh;80:45;'GetBias_LevelTime' - function is not defined
2;124;C:\Program Files\MetaTrader 4 Demo STS New\experts\include\NRT\RTLogic.mqh;80:66;'GetTimeFrame' - function is not defined
2;124;C:\Program Files\MetaTrader 4 Demo STS New\experts\include\NRT\RTLogic.mqh;83:69;'GetTime_LevelTime' - function is not defined
2;124;C:\Program Files\MetaTrader 4 Demo STS New\experts\include\NRT\RTLogic.mqh;84:69;'GetPrice_LevelTime' - function is not defined
2;124;C:\Program Files\MetaTrader 4 Demo STS New\experts\include\NRT\RTLogic.mqh;85:69;'GetBias_LevelTime' - function is not defined
2;124;C:\Program Files\MetaTrader 4 Demo STS New\experts\include\NRT\RTLogic.mqh;86:71;'GetTime_LevelTime' - function is not defined
2;124;C:\Program Files\MetaTrader 4 Demo STS New\experts\include\NRT\RTLogic.mqh;87:71;'GetPrice_LevelTime' - function is not defined
2;124;C:\Program Files\MetaTrader 4 Demo STS New\experts\include\NRT\RTLogic.mqh;88:71;'GetBias_LevelTime' - function is not defined
2;124;C:\Program Files\MetaTrader 4 Demo STS New\experts\include\NRT\RTLogic.mqh;109:33;'GetChannelMark' - function is not defined
2;124;C:\Program Files\MetaTrader 4 Demo STS New\experts\include\NRT\RTLogic.mqh;110:33;'GetChannelMark' - function is not defined
2;124;C:\Program Files\MetaTrader 4 Demo STS New\experts\include\NRT\RTLogic.mqh;112:33;'GetChannelMark' - function is not defined
2;124;C:\Program Files\MetaTrader 4 Demo STS New\experts\include\NRT\RTLogic.mqh;113:33;'GetChannelMark' - function is not defined
2;93;C:\Program Files\MetaTrader 4 Demo STS New\experts\include\NRT\RTLogic.mqh;114:5;'else' - unexpected token
2;124;C:\Program Files\MetaTrader 4 Demo STS New\experts\include\NRT\RTLogic.mqh;116:33;'GetChannelMark' - function is not defined
2;124;C:\Program Files\MetaTrader 4 Demo STS New\experts\include\NRT\RTLogic.mqh;117:33;'GetChannelMark' - function is not defined
2;124;C:\Program Files\MetaTrader 4 Demo STS New\experts\include\NRT\RTLogic.mqh;119:33;'GetChannelMark' - function is not defined
2;124;C:\Program Files\MetaTrader 4 Demo STS New\experts\include\NRT\RTLogic.mqh;120:33;'GetChannelMark' - function is not defined
2;135;C:\Program Files\MetaTrader 4 Demo STS New\experts\include\NRT\RTLogic.mqh;127:14;'MathAbs' - internal error
