2;124;C:\Program Files\MetaTrader 4 Demo STS New\experts\include\NRT\TimeLogic.mqh;33:4;'MLGetBar' - function is not defined
2;124;C:\Program Files\MetaTrader 4 Demo STS New\experts\include\NRT\TimeLogic.mqh;33:13;'MLLastBarIndex' - function is not defined
2;124;C:\Program Files\MetaTrader 4 Demo STS New\experts\include\NRT\TimeLogic.mqh;36:19;'MLGetCountLastBar' - function is not defined
2;124;C:\Program Files\MetaTrader 4 Demo STS New\experts\include\NRT\TimeLogic.mqh;43:34;'SetTimeBreakToBuff' - function is not defined
2;124;C:\Program Files\MetaTrader 4 Demo STS New\experts\include\NRT\TimeLogic.mqh;43:69;'GetTimeFrame' - function is not defined
2;124;C:\Program Files\MetaTrader 4 Demo STS New\experts\include\NRT\TimeLogic.mqh;44:24;'MLGetLastPeakCount' - function is not defined
2;124;C:\Program Files\MetaTrader 4 Demo STS New\experts\include\NRT\TimeLogic.mqh;51:20;'MLGetLastPeakCount' - function is not defined
2;124;C:\Program Files\MetaTrader 4 Demo STS New\experts\include\NRT\TimeLogic.mqh;51:45;'MLGetLastPeakCount' - function is not defined
2;124;C:\Program Files\MetaTrader 4 Demo STS New\experts\include\NRT\TimeLogic.mqh;56:14;'MLBarForming' - function is not defined
2;124;C:\Program Files\MetaTrader 4 Demo STS New\experts\include\NRT\TimeLogic.mqh;56:27;'MLLastBarIndex' - function is not defined
2;124;C:\Program Files\MetaTrader 4 Demo STS New\experts\include\NRT\TimeLogic.mqh;64:34;'SetTimeBreakToBuff' - function is not defined
2;124;C:\Program Files\MetaTrader 4 Demo STS New\experts\include\NRT\TimeLogic.mqh;64:69;'GetTimeFrame' - function is not defined
2;124;C:\Program Files\MetaTrader 4 Demo STS New\experts\include\NRT\TimeLogic.mqh;65:24;'MLGetLastPeakCount' - function is not defined
2;124;C:\Program Files\MetaTrader 4 Demo STS New\experts\include\NRT\TimeLogic.mqh;73:20;'MLGetLastPeakCount' - function is not defined
2;124;C:\Program Files\MetaTrader 4 Demo STS New\experts\include\NRT\TimeLogic.mqh;73:45;'MLGetLastPeakCount' - function is not defined
2;124;C:\Program Files\MetaTrader 4 Demo STS New\experts\include\NRT\TimeLogic.mqh;78:14;'MLBarForming' - function is not defined
2;124;C:\Program Files\MetaTrader 4 Demo STS New\experts\include\NRT\TimeLogic.mqh;78:27;'MLLastBarIndex' - function is not defined
2;124;C:\Program Files\MetaTrader 4 Demo STS New\experts\include\NRT\TimeLogic.mqh;92:23;'MLGetLastPeakCount' - function is not defined
2;124;C:\Program Files\MetaTrader 4 Demo STS New\experts\include\NRT\TimeLogic.mqh;92:48;'MLGetLastPeakCount' - function is not defined
2;124;C:\Program Files\MetaTrader 4 Demo STS New\experts\include\NRT\TimeLogic.mqh;93:17;'MLBarForming' - function is not defined
2;124;C:\Program Files\MetaTrader 4 Demo STS New\experts\include\NRT\TimeLogic.mqh;93:30;'MLLastBarIndex' - function is not defined
2;93;C:\Program Files\MetaTrader 4 Demo STS New\experts\include\NRT\TimeLogic.mqh;94:11;'else' - unexpected token
2;124;C:\Program Files\MetaTrader 4 Demo STS New\experts\include\NRT\TimeLogic.mqh;117:4;'MLGetLastBar' - function is not defined
2;124;C:\Program Files\MetaTrader 4 Demo STS New\experts\include\NRT\TimeLogic.mqh;119:8;'MLGetCountLastBar' - function is not defined
2;124;C:\Program Files\MetaTrader 4 Demo STS New\experts\include\NRT\TimeLogic.mqh;119:30;'MLGetLastPeakCount' - function is not defined
2;124;C:\Program Files\MetaTrader 4 Demo STS New\experts\include\NRT\TimeLogic.mqh;124:10;'MLGetLastPeak' - function is not defined
2;124;C:\Program Files\MetaTrader 4 Demo STS New\experts\include\NRT\TimeLogic.mqh;131:10;'MLGetLastPeak' - function is not defined
2;124;C:\Program Files\MetaTrader 4 Demo STS New\experts\include\NRT\TimeLogic.mqh;143:4;'MLGetLastPeak' - function is not defined
2;124;C:\Program Files\MetaTrader 4 Demo STS New\experts\include\NRT\TimeLogic.mqh;146:44;'GetShift' - function is not defined
2;124;C:\Program Files\MetaTrader 4 Demo STS New\experts\include\NRT\TimeLogic.mqh;146:64;'GetTimeFrame' - function is not defined
