2;124;C:\Program Files\MetaTrader 4 STS Demo\experts\include\MonoWave\Models\GartleyPesavento.mqh;4:8;'DirectionPriceLenght' - function is not defined
2;124;C:\Program Files\MetaTrader 4 STS Demo\experts\include\MonoWave\Models\GartleyPesavento.mqh;5:11;'DirectionPriceLenght' - function is not defined
2;124;C:\Program Files\MetaTrader 4 STS Demo\experts\include\MonoWave\Models\GartleyPesavento.mqh;5:38;'DirectionPriceLenght' - function is not defined
2;124;C:\Program Files\MetaTrader 4 STS Demo\experts\include\MonoWave\Models\GartleyPesavento.mqh;9:8;'DirectionPriceLenght' - function is not defined
2;124;C:\Program Files\MetaTrader 4 STS Demo\experts\include\MonoWave\Models\GartleyPesavento.mqh;10:11;'DirectionPriceLenght' - function is not defined
2;124;C:\Program Files\MetaTrader 4 STS Demo\experts\include\MonoWave\Models\GartleyPesavento.mqh;10:35;'DirectionPriceLenght' - function is not defined
2;124;C:\Program Files\MetaTrader 4 STS Demo\experts\include\MonoWave\Models\GartleyPesavento.mqh;14:5;'DirectionPriceLenght' - function is not defined
2;124;C:\Program Files\MetaTrader 4 STS Demo\experts\include\MonoWave\Models\GartleyPesavento.mqh;15:11;'DirectionPriceLenght' - function is not defined
2;124;C:\Program Files\MetaTrader 4 STS Demo\experts\include\MonoWave\Models\GartleyPesavento.mqh;15:37;'DirectionPriceLenght' - function is not defined
2;124;C:\Program Files\MetaTrader 4 STS Demo\experts\include\MonoWave\Models\GartleyPesavento.mqh;19:8;'DirectionPriceLenght' - function is not defined
2;124;C:\Program Files\MetaTrader 4 STS Demo\experts\include\MonoWave\Models\GartleyPesavento.mqh;21:15;'DirectionEndPrice' - function is not defined
2;124;C:\Program Files\MetaTrader 4 STS Demo\experts\include\MonoWave\Models\GartleyPesavento.mqh;21:39;'DirectionEndPrice' - function is not defined
2;124;C:\Program Files\MetaTrader 4 STS Demo\experts\include\MonoWave\Models\GartleyPesavento.mqh;22:9;'DirectionPriceLenght' - function is not defined
2;124;C:\Program Files\MetaTrader 4 STS Demo\experts\include\MonoWave\Models\GartleyPesavento.mqh;27:8;'DirectionPriceLenght' - function is not defined
2;124;C:\Program Files\MetaTrader 4 STS Demo\experts\include\MonoWave\Models\GartleyPesavento.mqh;28:11;'DirectionEndPrice' - function is not defined
2;124;C:\Program Files\MetaTrader 4 STS Demo\experts\include\MonoWave\Models\GartleyPesavento.mqh;28:34;'DirectionPriceLenght' - function is not defined
2;124;C:\Program Files\MetaTrader 4 STS Demo\experts\include\MonoWave\Models\GartleyPesavento.mqh;36:40;'DirectionBeginShift' - function is not defined
2;127;C:\Program Files\MetaTrader 4 STS Demo\experts\include\MonoWave\Models\GartleyPesavento.mqh;36:64;')' - parameter expected
2;124;C:\Program Files\MetaTrader 4 STS Demo\experts\include\MonoWave\Models\GartleyPesavento.mqh;37:40;'DirectionBeginShift' - function is not defined
2;127;C:\Program Files\MetaTrader 4 STS Demo\experts\include\MonoWave\Models\GartleyPesavento.mqh;37:64;')' - parameter expected
2;124;C:\Program Files\MetaTrader 4 STS Demo\experts\include\MonoWave\Models\GartleyPesavento.mqh;38:40;'DirectionBeginShift' - function is not defined
2;127;C:\Program Files\MetaTrader 4 STS Demo\experts\include\MonoWave\Models\GartleyPesavento.mqh;38:63;')' - parameter expected
2;124;C:\Program Files\MetaTrader 4 STS Demo\experts\include\MonoWave\Models\GartleyPesavento.mqh;40:36;'DirectionBeginPrice' - function is not defined
2;124;C:\Program Files\MetaTrader 4 STS Demo\experts\include\MonoWave\Models\GartleyPesavento.mqh;41:36;'DirectionBeginPrice' - function is not defined
2;124;C:\Program Files\MetaTrader 4 STS Demo\experts\include\MonoWave\Models\GartleyPesavento.mqh;42:36;'DirectionBeginPrice' - function is not defined
2;124;C:\Program Files\MetaTrader 4 STS Demo\experts\include\MonoWave\Models\GartleyPesavento.mqh;57:40;'DirectionBeginShift' - function is not defined
2;127;C:\Program Files\MetaTrader 4 STS Demo\experts\include\MonoWave\Models\GartleyPesavento.mqh;57:63;')' - parameter expected
2;124;C:\Program Files\MetaTrader 4 STS Demo\experts\include\MonoWave\Models\GartleyPesavento.mqh;58:40;'DirectionBeginShift' - function is not defined
2;127;C:\Program Files\MetaTrader 4 STS Demo\experts\include\MonoWave\Models\GartleyPesavento.mqh;58:63;')' - parameter expected
2;124;C:\Program Files\MetaTrader 4 STS Demo\experts\include\MonoWave\Models\GartleyPesavento.mqh;59:40;'DirectionEndShift' - function is not defined
2;127;C:\Program Files\MetaTrader 4 STS Demo\experts\include\MonoWave\Models\GartleyPesavento.mqh;59:61;')' - parameter expected
2;124;C:\Program Files\MetaTrader 4 STS Demo\experts\include\MonoWave\Models\GartleyPesavento.mqh;61:36;'DirectionBeginPrice' - function is not defined
2;124;C:\Program Files\MetaTrader 4 STS Demo\experts\include\MonoWave\Models\GartleyPesavento.mqh;62:36;'DirectionBeginPrice' - function is not defined
2;124;C:\Program Files\MetaTrader 4 STS Demo\experts\include\MonoWave\Models\GartleyPesavento.mqh;63:36;'DirectionEndPrice' - function is not defined
2;124;C:\Program Files\MetaTrader 4 STS Demo\experts\include\MonoWave\Models\GartleyPesavento.mqh;85:9;'Equal_061' - function is not defined
2;124;C:\Program Files\MetaTrader 4 STS Demo\experts\include\MonoWave\Models\GartleyPesavento.mqh;86:9;'Equal_088' - function is not defined
2;124;C:\Program Files\MetaTrader 4 STS Demo\experts\include\MonoWave\Models\GartleyPesavento.mqh;87:9;'Equal_038' - function is not defined
2;124;C:\Program Files\MetaTrader 4 STS Demo\experts\include\MonoWave\Models\GartleyPesavento.mqh;87:37;'Equal_061' - function is not defined
2;124;C:\Program Files\MetaTrader 4 STS Demo\experts\include\MonoWave\Models\GartleyPesavento.mqh;87:65;'Equal_161' - function is not defined
2;124;C:\Program Files\MetaTrader 4 STS Demo\experts\include\MonoWave\Models\GartleyPesavento.mqh;87:93;'Equal_261' - function is not defined
2;124;C:\Program Files\MetaTrader 4 STS Demo\experts\include\MonoWave\Models\GartleyPesavento.mqh;87:121;'Equal_100' - function is not defined
2;124;C:\Program Files\MetaTrader 4 STS Demo\experts\include\MonoWave\Models\GartleyPesavento.mqh;87:149;'Equal_088' - function is not defined
2;124;C:\Program Files\MetaTrader 4 STS Demo\experts\include\MonoWave\Models\GartleyPesavento.mqh;88:9;'Equal_038' - function is not defined
2;124;C:\Program Files\MetaTrader 4 STS Demo\experts\include\MonoWave\Models\GartleyPesavento.mqh;88:37;'Equal_061' - function is not defined
2;124;C:\Program Files\MetaTrader 4 STS Demo\experts\include\MonoWave\Models\GartleyPesavento.mqh;91:39;'DirectionBeginShift' - function is not defined
2;124;C:\Program Files\MetaTrader 4 STS Demo\experts\include\MonoWave\Models\GartleyPesavento.mqh;92:39;'DirectionBeginShift' - function is not defined
2;124;C:\Program Files\MetaTrader 4 STS Demo\experts\include\MonoWave\Models\GartleyPesavento.mqh;111:9;'Equal_261' - function is not defined
2;124;C:\Program Files\MetaTrader 4 STS Demo\experts\include\MonoWave\Models\GartleyPesavento.mqh;112:9;'Equal_088' - function is not defined
2;124;C:\Program Files\MetaTrader 4 STS Demo\experts\include\MonoWave\Models\GartleyPesavento.mqh;117:39;'DirectionBeginShift' - function is not defined
2;124;C:\Program Files\MetaTrader 4 STS Demo\experts\include\MonoWave\Models\GartleyPesavento.mqh;118:39;'DirectionBeginShift' - function is not defined
2;124;C:\Program Files\MetaTrader 4 STS Demo\experts\include\MonoWave\Models\GartleyPesavento.mqh;143:9;'Equal_061' - function is not defined
2;124;C:\Program Files\MetaTrader 4 STS Demo\experts\include\MonoWave\Models\GartleyPesavento.mqh;143:37;'Equal_078' - function is not defined
2;124;C:\Program Files\MetaTrader 4 STS Demo\experts\include\MonoWave\Models\GartleyPesavento.mqh;144:9;'Equal_038' - function is not defined
2;124;C:\Program Files\MetaTrader 4 STS Demo\experts\include\MonoWave\Models\GartleyPesavento.mqh;144:37;'Equal_088' - function is not defined
2;124;C:\Program Files\MetaTrader 4 STS Demo\experts\include\MonoWave\Models\GartleyPesavento.mqh;145:9;'Equal_161' - function is not defined
2;124;C:\Program Files\MetaTrader 4 STS Demo\experts\include\MonoWave\Models\GartleyPesavento.mqh;145:37;'Equal_261' - function is not defined
2;124;C:\Program Files\MetaTrader 4 STS Demo\experts\include\MonoWave\Models\GartleyPesavento.mqh;149:34;'DirectionBeginShift' - function is not defined
2;124;C:\Program Files\MetaTrader 4 STS Demo\experts\include\MonoWave\Models\GartleyPesavento.mqh;150:34;'DirectionBeginShift' - function is not defined
2;124;C:\Program Files\MetaTrader 4 STS Demo\experts\include\MonoWave\Models\GartleyPesavento.mqh;161:9;'Equal_061' - function is not defined
2;124;C:\Program Files\MetaTrader 4 STS Demo\experts\include\MonoWave\Models\GartleyPesavento.mqh;162:9;'Equal_038' - function is not defined
2;124;C:\Program Files\MetaTrader 4 STS Demo\experts\include\MonoWave\Models\GartleyPesavento.mqh;162:37;'Equal_088' - function is not defined
2;124;C:\Program Files\MetaTrader 4 STS Demo\experts\include\MonoWave\Models\GartleyPesavento.mqh;163:9;'Equal_127' - function is not defined
2;124;C:\Program Files\MetaTrader 4 STS Demo\experts\include\MonoWave\Models\GartleyPesavento.mqh;163:37;'Equal_161' - function is not defined
2;124;C:\Program Files\MetaTrader 4 STS Demo\experts\include\MonoWave\Models\GartleyPesavento.mqh;167:34;'DirectionBeginShift' - function is not defined
2;124;C:\Program Files\MetaTrader 4 STS Demo\experts\include\MonoWave\Models\GartleyPesavento.mqh;168:34;'DirectionBeginShift' - function is not defined
2;124;C:\Program Files\MetaTrader 4 STS Demo\experts\include\MonoWave\Models\GartleyPesavento.mqh;179:9;'Equal_038' - function is not defined
2;124;C:\Program Files\MetaTrader 4 STS Demo\experts\include\MonoWave\Models\GartleyPesavento.mqh;179:37;'Equal_061' - function is not defined
2;124;C:\Program Files\MetaTrader 4 STS Demo\experts\include\MonoWave\Models\GartleyPesavento.mqh;180:9;'Equal_038' - function is not defined
2;124;C:\Program Files\MetaTrader 4 STS Demo\experts\include\MonoWave\Models\GartleyPesavento.mqh;180:37;'Equal_088' - function is not defined
2;124;C:\Program Files\MetaTrader 4 STS Demo\experts\include\MonoWave\Models\GartleyPesavento.mqh;181:9;'Equal_224' - function is not defined
2;124;C:\Program Files\MetaTrader 4 STS Demo\experts\include\MonoWave\Models\GartleyPesavento.mqh;181:37;'Equal_361' - function is not defined
2;124;C:\Program Files\MetaTrader 4 STS Demo\experts\include\MonoWave\Models\GartleyPesavento.mqh;185:35;'DirectionBeginShift' - function is not defined
2;124;C:\Program Files\MetaTrader 4 STS Demo\experts\include\MonoWave\Models\GartleyPesavento.mqh;186:35;'DirectionBeginShift' - function is not defined
2;124;C:\Program Files\MetaTrader 4 STS Demo\experts\include\MonoWave\Models\GartleyPesavento.mqh;196:9;'Equal_038' - function is not defined
2;124;C:\Program Files\MetaTrader 4 STS Demo\experts\include\MonoWave\Models\GartleyPesavento.mqh;196:37;'Equal_050' - function is not defined
2;124;C:\Program Files\MetaTrader 4 STS Demo\experts\include\MonoWave\Models\GartleyPesavento.mqh;197:9;'Equal_038' - function is not defined
2;124;C:\Program Files\MetaTrader 4 STS Demo\experts\include\MonoWave\Models\GartleyPesavento.mqh;197:37;'Equal_088' - function is not defined
2;124;C:\Program Files\MetaTrader 4 STS Demo\experts\include\MonoWave\Models\GartleyPesavento.mqh;198:9;'Equal_161' - function is not defined
2;124;C:\Program Files\MetaTrader 4 STS Demo\experts\include\MonoWave\Models\GartleyPesavento.mqh;198:37;'Equal_261' - function is not defined
2;124;C:\Program Files\MetaTrader 4 STS Demo\experts\include\MonoWave\Models\GartleyPesavento.mqh;202:35;'DirectionBeginShift' - function is not defined
2;124;C:\Program Files\MetaTrader 4 STS Demo\experts\include\MonoWave\Models\GartleyPesavento.mqh;203:35;'DirectionBeginShift' - function is not defined
2;124;C:\Program Files\MetaTrader 4 STS Demo\experts\include\MonoWave\Models\GartleyPesavento.mqh;213:9;'Equal_050' - function is not defined
2;124;C:\Program Files\MetaTrader 4 STS Demo\experts\include\MonoWave\Models\GartleyPesavento.mqh;213:37;'Equal_061' - function is not defined
2;124;C:\Program Files\MetaTrader 4 STS Demo\experts\include\MonoWave\Models\GartleyPesavento.mqh;213:65;'Equal_038' - function is not defined
2;124;C:\Program Files\MetaTrader 4 STS Demo\experts\include\MonoWave\Models\GartleyPesavento.mqh;219:38;'DirectionBeginShift' - function is not defined
2;124;C:\Program Files\MetaTrader 4 STS Demo\experts\include\MonoWave\Models\GartleyPesavento.mqh;220:38;'DirectionBeginShift' - function is not defined
