2;75;C:\Program Files\MetaTrader 4 STS Demo\experts\include\MonoWave\CalculationRules\Calc_m1_Left_Right_Wave_v2.mqh;558:11;'array_ChartPoints' - variable not defined
2;75;C:\Program Files\MetaTrader 4 STS Demo\experts\include\MonoWave\CalculationRules\Calc_m1_Left_Right_Wave_v2.mqh;570:11;'array_ChartPoints' - variable not defined
2;75;C:\Program Files\MetaTrader 4 STS Demo\experts\include\MonoWave\CalculationRules\Designations\ViewDesignations.mqh;204:11;'ViewOnly_L' - variable not defined
2;75;C:\Program Files\MetaTrader 4 STS Demo\experts\include\MonoWave\CalculationRules\Designations\ViewDesignations.mqh;208:16;'RuleSizeText' - variable not defined
2;75;C:\Program Files\MetaTrader 4 STS Demo\experts\include\MonoWave\CalculationRules\Designations\ViewDesignations.mqh;213:13;'RuleSizeText' - variable not defined
2;75;C:\Program Files\MetaTrader 4 STS Demo\experts\include\MonoWave\CalculationRules\CalculationRules.mqh;15:15;'wave_count_in_rule' - variable not defined
2;75;C:\Program Files\MetaTrader 4 STS Demo\experts\include\MonoWave\CalculationRules\CalculationRules.mqh;23:24;'MonoWave_Rule' - variable not defined
2;75;C:\Program Files\MetaTrader 4 STS Demo\experts\include\MonoWave\CalculationRules\CalculationRules.mqh;24:24;'MonoWave_Rule' - variable not defined
2;75;C:\Program Files\MetaTrader 4 STS Demo\experts\include\MonoWave\CalculationRules\CalculationRules.mqh;26:27;'MonoWave_Rule' - variable not defined
2;75;C:\Program Files\MetaTrader 4 STS Demo\experts\include\MonoWave\CalculationRules\CalculationRules.mqh;26:51;'MonoWave_Rule' - variable not defined
2;75;C:\Program Files\MetaTrader 4 STS Demo\experts\include\MonoWave\CalculationRules\CalculationRules.mqh;35:46;'MonoWave_Rule' - variable not defined
2;75;C:\Program Files\MetaTrader 4 STS Demo\experts\include\MonoWave\CalculationRules\CalculationRules.mqh;36:46;'MonoWave_Rule' - variable not defined
2;75;C:\Program Files\MetaTrader 4 STS Demo\experts\include\MonoWave\CalculationRules\CalculationRules.mqh;37:46;'MonoWave_Rule' - variable not defined
2;75;C:\Program Files\MetaTrader 4 STS Demo\experts\include\MonoWave\CalculationRules\CalculationRules.mqh;38:46;'MonoWave_Rule' - variable not defined
2;75;C:\Program Files\MetaTrader 4 STS Demo\experts\include\MonoWave\CalculationRules\CalculationRules.mqh;39:46;'MonoWave_Rule' - variable not defined
2;75;C:\Program Files\MetaTrader 4 STS Demo\experts\include\MonoWave\CalculationRules\CalculationRules.mqh;41:46;'MonoWave_Rule' - variable not defined
2;75;C:\Program Files\MetaTrader 4 STS Demo\experts\include\MonoWave\CalculationRules\CalculationRules.mqh;42:46;'MonoWave_Rule' - variable not defined
2;75;C:\Program Files\MetaTrader 4 STS Demo\experts\include\MonoWave\CalculationRules\CalculationRules.mqh;54:14;'MonoWave_Rule' - variable not defined
2;75;C:\Program Files\MetaTrader 4 STS Demo\experts\include\MonoWave\CalculationRules\CalculationRules.mqh;54:38;'m1_mark' - variable not defined
2;75;C:\Program Files\MetaTrader 4 STS Demo\experts\include\MonoWave\CalculationRules\CalculationRules.mqh;54:49;'MonoWave_Rule' - variable not defined
2;75;C:\Program Files\MetaTrader 4 STS Demo\experts\include\MonoWave\CalculationRules\CalculationRules.mqh;54:72;'m1_mark' - variable not defined
2;75;C:\Program Files\MetaTrader 4 STS Demo\experts\include\MonoWave\CalculationRules\CalculationRules.mqh;62:28;'MonoWave_Rule' - variable not defined
2;75;C:\Program Files\MetaTrader 4 STS Demo\experts\include\MonoWave\CalculationRules\CalculationRules.mqh;62:43;'wave_count_in_rule' - variable not defined
2;75;C:\Program Files\MetaTrader 4 STS Demo\experts\include\MonoWave\CalculationRules\CalculationRules.mqh;64:29;'MonoWave_Rule' - variable not defined
2;75;C:\Program Files\MetaTrader 4 STS Demo\experts\include\MonoWave\CalculationRules\CalculationRules.mqh;64:44;'wave_count_in_rule' - variable not defined
2;75;C:\Program Files\MetaTrader 4 STS Demo\experts\include\MonoWave\CalculationRules\CalculationRules.mqh;68:58;'m1_mark' - variable not defined
2;75;C:\Program Files\MetaTrader 4 STS Demo\experts\include\MonoWave\CalculationRules\CalculationRules.mqh;111:9;'TruncationVersion1' - variable not defined
2;75;C:\Program Files\MetaTrader 4 STS Demo\experts\include\MonoWave\CalculationRules\CalculationRules.mqh;111:32;'TruncationVersion2' - variable not defined
2;75;C:\Program Files\MetaTrader 4 STS Demo\experts\include\MonoWave\CalculationRules\CalculationRules.mqh;131:8;'ViewDesignations' - variable not defined
2;75;C:\Program Files\MetaTrader 4 STS Demo\experts\include\MonoWave\CalculationRules\CalculationRules.mqh;131:29;'TruncationVersion2' - variable not defined
2;75;C:\Program Files\MetaTrader 4 STS Demo\experts\include\MonoWave\CalculationRules\CalculationRules.mqh;136:9;'ViewRuleInChart' - variable not defined
2;75;C:\Program Files\MetaTrader 4 STS Demo\experts\include\MonoWave\CalculationRules\CalculationRules.mqh;141:8;'RulesAltView' - variable not defined
2;75;C:\Program Files\MetaTrader 4 STS Demo\experts\include\MonoWave\CalculationRules\CalculationRules.mqh;175:8;'MonoWave_Rule' - variable not defined
2;75;C:\Program Files\MetaTrader 4 STS Demo\experts\include\MonoWave\CalculationRules\CalculationRules.mqh;175:41;'MonoWave_Rule' - variable not defined
2;75;C:\Program Files\MetaTrader 4 STS Demo\experts\include\MonoWave\CalculationRules\CalculationRules.mqh;184:8;'ViewRuleInChart' - variable not defined
2;75;C:\Program Files\MetaTrader 4 STS Demo\experts\include\MonoWave\CalculationRules\CalculationRules.mqh;185:19;'MonoWave_Rule' - variable not defined
2;75;C:\Program Files\MetaTrader 4 STS Demo\experts\include\MonoWave\CalculationRules\CalculationRules.mqh;185:61;'MonoWave_Rule' - variable not defined
2;75;C:\Program Files\MetaTrader 4 STS Demo\experts\include\MonoWave\CalculationRules\CalculationRules.mqh;186:10;'RuleSizeText' - variable not defined
2;75;C:\Program Files\MetaTrader 4 STS Demo\experts\include\MonoWave\CalculationRules\CalculationRules.mqh;186:24;'RuleColor' - variable not defined
2;75;C:\Program Files\MetaTrader 4 STS Demo\experts\include\MonoWave\CalculationRules\CalculationRules.mqh;188:39;'MonoWave_Rule' - variable not defined
2;75;C:\Program Files\MetaTrader 4 STS Demo\experts\include\MonoWave\CalculationRules\CalculationRules.mqh;188:81;'MonoWave_Rule' - variable not defined
2;75;C:\Program Files\MetaTrader 4 STS Demo\experts\include\MonoWave\CalculationRules\CalculationRules.mqh;189:10;'RuleSizeText' - variable not defined
2;75;C:\Program Files\MetaTrader 4 STS Demo\experts\include\MonoWave\CalculationRules\CalculationRules.mqh;189:24;'RuleColor' - variable not defined
